====================================
Types potentially sent from browser:
====================================

Reachable types computed on: Thu Nov 10 15:51:37 CET 2011
K
   Serialization status
      Not serializable
   Path
      'K' is reachable from field 'exposeKey' of type 'java.util.HashMap<K, V>'
      'java.util.HashMap<java.lang.String, java.lang.String>' is reachable as a subtype of type 'class java.util.HashMap<java.lang.String, java.lang.String>'
      Started from 'java.util.HashMap<java.lang.String, java.lang.String>'

V
   Serialization status
      Not serializable
   Path
      'V' is reachable from field 'exposeValue' of type 'java.util.HashMap<K, V>'
      'java.util.HashMap<java.lang.String, java.lang.String>' is reachable as a subtype of type 'class java.util.HashMap<java.lang.String, java.lang.String>'
      Started from 'java.util.HashMap<java.lang.String, java.lang.String>'

com.google.gwt.user.client.rpc.IncompatibleRemoteServiceException
   Serialization status
      Instantiable
   Path
      Started from 'com.google.gwt.user.client.rpc.IncompatibleRemoteServiceException'

int
   Serialization status
      Not serializable
   Path
      'int' is reachable from field 'wordcount' of type 'nl.tudelft.tbm.noblesavage.facade.CorpusDTO'
      'nl.tudelft.tbm.noblesavage.facade.CorpusDTO' is reachable as a subtype of type 'class nl.tudelft.tbm.noblesavage.facade.CorpusDTO'
      Started from 'nl.tudelft.tbm.noblesavage.facade.CorpusDTO'

java.lang.Exception
   Serialization status
      Field serializable
   Path
      'java.lang.Exception' is reachable as a supertype of type 'class java.lang.RuntimeException'
      'java.lang.RuntimeException' is reachable as a supertype of type 'class com.google.gwt.user.client.rpc.IncompatibleRemoteServiceException'
      'com.google.gwt.user.client.rpc.IncompatibleRemoteServiceException' is reachable as a subtype of type 'class com.google.gwt.user.client.rpc.IncompatibleRemoteServiceException'
      Started from 'com.google.gwt.user.client.rpc.IncompatibleRemoteServiceException'

java.lang.Long
   Serialization status
      Instantiable
   Path
      'java.lang.Long' is reachable from field 'id' of type 'nl.tudelft.tbm.noblesavage.facade.CorpusDTO'
      'nl.tudelft.tbm.noblesavage.facade.CorpusDTO' is reachable as a subtype of type 'class nl.tudelft.tbm.noblesavage.facade.CorpusDTO'
      Started from 'nl.tudelft.tbm.noblesavage.facade.CorpusDTO'

java.lang.Number
   Serialization status
      Field serializable
   Path
      'java.lang.Number' is reachable as a supertype of type 'class java.lang.Long'
      'java.lang.Long' is reachable as a subtype of type 'class java.lang.Long'
      'java.lang.Long' is reachable from field 'id' of type 'nl.tudelft.tbm.noblesavage.facade.CorpusDTO'
      'nl.tudelft.tbm.noblesavage.facade.CorpusDTO' is reachable as a subtype of type 'class nl.tudelft.tbm.noblesavage.facade.CorpusDTO'
      Started from 'nl.tudelft.tbm.noblesavage.facade.CorpusDTO'

java.lang.RuntimeException
   Serialization status
      Field serializable
   Path
      'java.lang.RuntimeException' is reachable as a supertype of type 'class com.google.gwt.user.client.rpc.IncompatibleRemoteServiceException'
      'com.google.gwt.user.client.rpc.IncompatibleRemoteServiceException' is reachable as a subtype of type 'class com.google.gwt.user.client.rpc.IncompatibleRemoteServiceException'
      Started from 'com.google.gwt.user.client.rpc.IncompatibleRemoteServiceException'

java.lang.String
   Serialization status
      Instantiable
   Path
      Started from 'java.lang.String'

java.lang.Throwable
   Serialization status
      Field serializable
   Path
      'java.lang.Throwable' is reachable as a supertype of type 'class java.lang.Exception'
      'java.lang.Exception' is reachable as a supertype of type 'class java.lang.RuntimeException'
      'java.lang.RuntimeException' is reachable as a supertype of type 'class com.google.gwt.user.client.rpc.IncompatibleRemoteServiceException'
      'com.google.gwt.user.client.rpc.IncompatibleRemoteServiceException' is reachable as a subtype of type 'class com.google.gwt.user.client.rpc.IncompatibleRemoteServiceException'
      Started from 'com.google.gwt.user.client.rpc.IncompatibleRemoteServiceException'

java.util.HashMap<java.lang.String, java.lang.String>
   Serialization status
      Instantiable
   Path
      Started from 'java.util.HashMap<java.lang.String, java.lang.String>'

java.util.LinkedHashMap<java.lang.String, java.lang.String>
   Serialization status
      Instantiable
   Path
      'java.util.LinkedHashMap<java.lang.String, java.lang.String>' is reachable as a subtype of type 'class java.util.HashMap<java.lang.String, java.lang.String>'
      Started from 'java.util.HashMap<java.lang.String, java.lang.String>'

nl.tudelft.tbm.noblesavage.facade.CorpusDTO
   Serialization status
      Instantiable
   Path
      Started from 'nl.tudelft.tbm.noblesavage.facade.CorpusDTO'

nl.tudelft.tbm.noblesavage.facade.CorpusDTO[]
   Serialization status
      Instantiable
   Path
      Started from 'nl.tudelft.tbm.noblesavage.facade.CorpusDTO[]'

===================================
Types potentially sent from server:
===================================

Reachable types computed on: Thu Nov 10 15:51:37 CET 2011
K
   Serialization status
      Not serializable
   Path
      'K' is reachable from field 'exposeKey' of type 'java.util.IdentityHashMap<K, V>'
      'java.util.IdentityHashMap<java.lang.String, java.lang.Integer>' is reachable as a subtype of type 'interface java.util.Map<java.lang.String, java.lang.Integer>'
      Started from 'java.util.Map<java.lang.String, java.lang.Integer>'

K
   Serialization status
      Not serializable
   Path
      'K' is reachable from field 'exposeKeyType' of type 'java.util.TreeMap<K, V>'
      'java.util.TreeMap<java.lang.String, java.lang.Integer>' is reachable as a subtype of type 'interface java.util.Map<java.lang.String, java.lang.Integer>'
      Started from 'java.util.Map<java.lang.String, java.lang.Integer>'

K
   Serialization status
      Not serializable
   Path
      'K' is reachable from field 'exposeKey' of type 'java.util.HashMap<K, V>'
      'java.util.HashMap<java.lang.String, java.lang.Integer>' is reachable as a supertype of type 'class java.util.LinkedHashMap<java.lang.String, java.lang.Integer>'
      'java.util.LinkedHashMap<java.lang.String, java.lang.Integer>' is reachable as a subtype of type 'interface java.util.Map<java.lang.String, java.lang.Integer>'
      Started from 'java.util.Map<java.lang.String, java.lang.Integer>'

V
   Serialization status
      Not serializable
   Path
      'V' is reachable from field 'exposeValueType' of type 'java.util.TreeMap<K, V>'
      'java.util.TreeMap<java.lang.String, java.lang.Integer>' is reachable as a subtype of type 'interface java.util.Map<java.lang.String, java.lang.Integer>'
      Started from 'java.util.Map<java.lang.String, java.lang.Integer>'

V
   Serialization status
      Not serializable
   Path
      'V' is reachable from field 'exposeValue' of type 'java.util.HashMap<K, V>'
      'java.util.HashMap<java.lang.String, java.lang.Integer>' is reachable as a supertype of type 'class java.util.LinkedHashMap<java.lang.String, java.lang.Integer>'
      'java.util.LinkedHashMap<java.lang.String, java.lang.Integer>' is reachable as a subtype of type 'interface java.util.Map<java.lang.String, java.lang.Integer>'
      Started from 'java.util.Map<java.lang.String, java.lang.Integer>'

boolean
   Serialization status
      Not serializable
   Path
      'boolean' is reachable from field 'ambiguousYear' of type 'com.google.gwt.i18n.client.impl.DateRecord'
      'com.google.gwt.i18n.client.impl.DateRecord' is reachable as a subtype of type 'class java.util.Date'
      'java.util.Date' is reachable from field 'dateCreated' of type 'nl.tudelft.tbm.noblesavage.facade.ArticleDTO'
      'nl.tudelft.tbm.noblesavage.facade.ArticleDTO' is reachable as a subtype of type 'class nl.tudelft.tbm.noblesavage.facade.ArticleDTO'
      Type 'nl.tudelft.tbm.noblesavage.facade.ArticleDTO' is reachable from array type 'nl.tudelft.tbm.noblesavage.facade.ArticleDTO[]'
      Started from 'nl.tudelft.tbm.noblesavage.facade.ArticleDTO[]'

com.google.gwt.core.client.JavaScriptObject
   Serialization status
      Not serializable
   Path
      'com.google.gwt.core.client.JavaScriptObject' is reachable from field 'jsdate' of type 'java.util.Date'
      'java.util.Date' is reachable as a subtype of type 'class java.util.Date'
      'java.util.Date' is reachable from field 'dateCreated' of type 'nl.tudelft.tbm.noblesavage.facade.ArticleDTO'
      'nl.tudelft.tbm.noblesavage.facade.ArticleDTO' is reachable as a subtype of type 'class nl.tudelft.tbm.noblesavage.facade.ArticleDTO'
      Type 'nl.tudelft.tbm.noblesavage.facade.ArticleDTO' is reachable from array type 'nl.tudelft.tbm.noblesavage.facade.ArticleDTO[]'
      Started from 'nl.tudelft.tbm.noblesavage.facade.ArticleDTO[]'

com.google.gwt.i18n.client.impl.DateRecord
   Serialization status
      Instantiable
   Path
      'com.google.gwt.i18n.client.impl.DateRecord' is reachable as a subtype of type 'class java.util.Date'
      'java.util.Date' is reachable from field 'dateCreated' of type 'nl.tudelft.tbm.noblesavage.facade.ArticleDTO'
      'nl.tudelft.tbm.noblesavage.facade.ArticleDTO' is reachable as a subtype of type 'class nl.tudelft.tbm.noblesavage.facade.ArticleDTO'
      Type 'nl.tudelft.tbm.noblesavage.facade.ArticleDTO' is reachable from array type 'nl.tudelft.tbm.noblesavage.facade.ArticleDTO[]'
      Started from 'nl.tudelft.tbm.noblesavage.facade.ArticleDTO[]'

com.google.gwt.user.client.rpc.IncompatibleRemoteServiceException
   Serialization status
      Instantiable
   Path
      Started from 'com.google.gwt.user.client.rpc.IncompatibleRemoteServiceException'

float
   Serialization status
      Not serializable
   Path
      'float' is reachable from field 'score' of type 'nl.tudelft.tbm.noblesavage.facade.SearchResultDTO'
      'nl.tudelft.tbm.noblesavage.facade.SearchResultDTO' is reachable as a subtype of type 'class nl.tudelft.tbm.noblesavage.facade.SearchResultDTO'
      Type 'nl.tudelft.tbm.noblesavage.facade.SearchResultDTO' is reachable from array type 'nl.tudelft.tbm.noblesavage.facade.SearchResultDTO[]'
      'nl.tudelft.tbm.noblesavage.facade.SearchResultDTO[]' is reachable from type argument 1 of type 'java.util.LinkedHashMap<K, V>'
      'java.util.LinkedHashMap<java.lang.Integer, nl.tudelft.tbm.noblesavage.facade.SearchResultDTO[]>' is reachable as a subtype of type 'interface java.util.Map<java.lang.Integer, nl.tudelft.tbm.noblesavage.facade.SearchResultDTO[]>'
      Started from 'java.util.Map<java.lang.Integer, nl.tudelft.tbm.noblesavage.facade.SearchResultDTO[]>'

int
   Serialization status
      Not serializable
   Path
      'int' is reachable from field 'wordcount' of type 'nl.tudelft.tbm.noblesavage.facade.CorpusDTO'
      'nl.tudelft.tbm.noblesavage.facade.CorpusDTO' is reachable as a subtype of type 'class nl.tudelft.tbm.noblesavage.facade.CorpusDTO'
      Started from 'nl.tudelft.tbm.noblesavage.facade.CorpusDTO'

java.lang.Exception
   Serialization status
      Field serializable
   Path
      'java.lang.Exception' is reachable as a supertype of type 'class java.lang.RuntimeException'
      'java.lang.RuntimeException' is reachable as a supertype of type 'class com.google.gwt.user.client.rpc.IncompatibleRemoteServiceException'
      'com.google.gwt.user.client.rpc.IncompatibleRemoteServiceException' is reachable as a subtype of type 'class com.google.gwt.user.client.rpc.IncompatibleRemoteServiceException'
      Started from 'com.google.gwt.user.client.rpc.IncompatibleRemoteServiceException'

java.lang.Integer
   Serialization status
      Instantiable
   Path
      Started from 'java.lang.Integer'

java.lang.Long
   Serialization status
      Instantiable
   Path
      'java.lang.Long' is reachable from field 'id' of type 'nl.tudelft.tbm.noblesavage.facade.CorpusDTO'
      'nl.tudelft.tbm.noblesavage.facade.CorpusDTO' is reachable as a subtype of type 'class nl.tudelft.tbm.noblesavage.facade.CorpusDTO'
      Started from 'nl.tudelft.tbm.noblesavage.facade.CorpusDTO'

java.lang.Number
   Serialization status
      Field serializable
   Path
      'java.lang.Number' is reachable as a supertype of type 'class java.lang.Long'
      'java.lang.Long' is reachable as a subtype of type 'class java.lang.Long'
      'java.lang.Long' is reachable from field 'id' of type 'nl.tudelft.tbm.noblesavage.facade.CorpusDTO'
      'nl.tudelft.tbm.noblesavage.facade.CorpusDTO' is reachable as a subtype of type 'class nl.tudelft.tbm.noblesavage.facade.CorpusDTO'
      Started from 'nl.tudelft.tbm.noblesavage.facade.CorpusDTO'

java.lang.RuntimeException
   Serialization status
      Field serializable
   Path
      'java.lang.RuntimeException' is reachable as a supertype of type 'class com.google.gwt.user.client.rpc.IncompatibleRemoteServiceException'
      'com.google.gwt.user.client.rpc.IncompatibleRemoteServiceException' is reachable as a subtype of type 'class com.google.gwt.user.client.rpc.IncompatibleRemoteServiceException'
      Started from 'com.google.gwt.user.client.rpc.IncompatibleRemoteServiceException'

java.lang.String
   Serialization status
      Instantiable
   Path
      Started from 'java.lang.String'

java.lang.String[]
   Serialization status
      Instantiable
   Path
      Started from 'java.lang.String[]'

java.lang.Throwable
   Serialization status
      Field serializable
   Path
      'java.lang.Throwable' is reachable as a supertype of type 'class java.lang.Exception'
      'java.lang.Exception' is reachable as a supertype of type 'class java.lang.RuntimeException'
      'java.lang.RuntimeException' is reachable as a supertype of type 'class com.google.gwt.user.client.rpc.IncompatibleRemoteServiceException'
      'com.google.gwt.user.client.rpc.IncompatibleRemoteServiceException' is reachable as a subtype of type 'class com.google.gwt.user.client.rpc.IncompatibleRemoteServiceException'
      Started from 'com.google.gwt.user.client.rpc.IncompatibleRemoteServiceException'

java.sql.Date
   Serialization status
      Instantiable
   Path
      'java.sql.Date' is reachable as a subtype of type 'class java.util.Date'
      'java.util.Date' is reachable from field 'dateCreated' of type 'nl.tudelft.tbm.noblesavage.facade.ArticleDTO'
      'nl.tudelft.tbm.noblesavage.facade.ArticleDTO' is reachable as a subtype of type 'class nl.tudelft.tbm.noblesavage.facade.ArticleDTO'
      Type 'nl.tudelft.tbm.noblesavage.facade.ArticleDTO' is reachable from array type 'nl.tudelft.tbm.noblesavage.facade.ArticleDTO[]'
      Started from 'nl.tudelft.tbm.noblesavage.facade.ArticleDTO[]'

java.sql.Time
   Serialization status
      Instantiable
   Path
      'java.sql.Time' is reachable as a subtype of type 'class java.util.Date'
      'java.util.Date' is reachable from field 'dateCreated' of type 'nl.tudelft.tbm.noblesavage.facade.ArticleDTO'
      'nl.tudelft.tbm.noblesavage.facade.ArticleDTO' is reachable as a subtype of type 'class nl.tudelft.tbm.noblesavage.facade.ArticleDTO'
      Type 'nl.tudelft.tbm.noblesavage.facade.ArticleDTO' is reachable from array type 'nl.tudelft.tbm.noblesavage.facade.ArticleDTO[]'
      Started from 'nl.tudelft.tbm.noblesavage.facade.ArticleDTO[]'

java.sql.Timestamp
   Serialization status
      Instantiable
   Path
      'java.sql.Timestamp' is reachable as a subtype of type 'class java.util.Date'
      'java.util.Date' is reachable from field 'dateCreated' of type 'nl.tudelft.tbm.noblesavage.facade.ArticleDTO'
      'nl.tudelft.tbm.noblesavage.facade.ArticleDTO' is reachable as a subtype of type 'class nl.tudelft.tbm.noblesavage.facade.ArticleDTO'
      Type 'nl.tudelft.tbm.noblesavage.facade.ArticleDTO' is reachable from array type 'nl.tudelft.tbm.noblesavage.facade.ArticleDTO[]'
      Started from 'nl.tudelft.tbm.noblesavage.facade.ArticleDTO[]'

java.util.Comparator<? super K>
   Serialization status
      Not serializable
   Path
      'java.util.Comparator<? super K>' is reachable from field 'cmp' of type 'java.util.TreeMap<K, V>'
      'java.util.TreeMap<java.lang.String, java.lang.Integer>' is reachable as a subtype of type 'interface java.util.Map<java.lang.String, java.lang.Integer>'
      Started from 'java.util.Map<java.lang.String, java.lang.Integer>'

java.util.Date
   Serialization status
      Instantiable
   Path
      'java.util.Date' is reachable from field 'dateCreated' of type 'nl.tudelft.tbm.noblesavage.facade.ArticleDTO'
      'nl.tudelft.tbm.noblesavage.facade.ArticleDTO' is reachable as a subtype of type 'class nl.tudelft.tbm.noblesavage.facade.ArticleDTO'
      Type 'nl.tudelft.tbm.noblesavage.facade.ArticleDTO' is reachable from array type 'nl.tudelft.tbm.noblesavage.facade.ArticleDTO[]'
      Started from 'nl.tudelft.tbm.noblesavage.facade.ArticleDTO[]'

java.util.HashMap<java.lang.Integer, nl.tudelft.tbm.noblesavage.facade.SearchResultDTO[]>
   Serialization status
      Instantiable
   Path
      'java.util.HashMap<java.lang.Integer, nl.tudelft.tbm.noblesavage.facade.SearchResultDTO[]>' is reachable as a supertype of type 'class java.util.LinkedHashMap<java.lang.Integer, nl.tudelft.tbm.noblesavage.facade.SearchResultDTO[]>'
      'java.util.LinkedHashMap<java.lang.Integer, nl.tudelft.tbm.noblesavage.facade.SearchResultDTO[]>' is reachable as a subtype of type 'interface java.util.Map<java.lang.Integer, nl.tudelft.tbm.noblesavage.facade.SearchResultDTO[]>'
      Started from 'java.util.Map<java.lang.Integer, nl.tudelft.tbm.noblesavage.facade.SearchResultDTO[]>'

java.util.HashMap<java.lang.String, java.lang.Integer>
   Serialization status
      Instantiable
   Path
      'java.util.HashMap<java.lang.String, java.lang.Integer>' is reachable as a supertype of type 'class java.util.LinkedHashMap<java.lang.String, java.lang.Integer>'
      'java.util.LinkedHashMap<java.lang.String, java.lang.Integer>' is reachable as a subtype of type 'interface java.util.Map<java.lang.String, java.lang.Integer>'
      Started from 'java.util.Map<java.lang.String, java.lang.Integer>'

java.util.IdentityHashMap<java.lang.Integer, nl.tudelft.tbm.noblesavage.facade.SearchResultDTO[]>
   Serialization status
      Instantiable
   Path
      'java.util.IdentityHashMap<java.lang.Integer, nl.tudelft.tbm.noblesavage.facade.SearchResultDTO[]>' is reachable as a subtype of type 'interface java.util.Map<java.lang.Integer, nl.tudelft.tbm.noblesavage.facade.SearchResultDTO[]>'
      Started from 'java.util.Map<java.lang.Integer, nl.tudelft.tbm.noblesavage.facade.SearchResultDTO[]>'

java.util.IdentityHashMap<java.lang.String, java.lang.Integer>
   Serialization status
      Instantiable
   Path
      'java.util.IdentityHashMap<java.lang.String, java.lang.Integer>' is reachable as a subtype of type 'interface java.util.Map<java.lang.String, java.lang.Integer>'
      Started from 'java.util.Map<java.lang.String, java.lang.Integer>'

java.util.LinkedHashMap<java.lang.String, java.lang.Integer>
   Serialization status
      Instantiable
   Path
      'java.util.LinkedHashMap<java.lang.String, java.lang.Integer>' is reachable as a subtype of type 'interface java.util.Map<java.lang.String, java.lang.Integer>'
      Started from 'java.util.Map<java.lang.String, java.lang.Integer>'

java.util.LinkedHashMap<java.lang.Integer, nl.tudelft.tbm.noblesavage.facade.SearchResultDTO[]>
   Serialization status
      Instantiable
   Path
      'java.util.LinkedHashMap<java.lang.Integer, nl.tudelft.tbm.noblesavage.facade.SearchResultDTO[]>' is reachable as a subtype of type 'interface java.util.Map<java.lang.Integer, nl.tudelft.tbm.noblesavage.facade.SearchResultDTO[]>'
      Started from 'java.util.Map<java.lang.Integer, nl.tudelft.tbm.noblesavage.facade.SearchResultDTO[]>'

java.util.Map<java.lang.Integer, nl.tudelft.tbm.noblesavage.facade.SearchResultDTO[]>
   Serialization status
      Not serializable
   Path
      Started from 'java.util.Map<java.lang.Integer, nl.tudelft.tbm.noblesavage.facade.SearchResultDTO[]>'

java.util.Map<java.lang.String, java.lang.Integer>
   Serialization status
      Not serializable
   Path
      Started from 'java.util.Map<java.lang.String, java.lang.Integer>'

java.util.TreeMap<java.lang.String, java.lang.Integer>
   Serialization status
      Instantiable
   Path
      'java.util.TreeMap<java.lang.String, java.lang.Integer>' is reachable as a subtype of type 'interface java.util.Map<java.lang.String, java.lang.Integer>'
      Started from 'java.util.Map<java.lang.String, java.lang.Integer>'

java.util.TreeMap<java.lang.Integer, nl.tudelft.tbm.noblesavage.facade.SearchResultDTO[]>
   Serialization status
      Instantiable
   Path
      'java.util.TreeMap<java.lang.Integer, nl.tudelft.tbm.noblesavage.facade.SearchResultDTO[]>' is reachable as a subtype of type 'interface java.util.Map<java.lang.Integer, nl.tudelft.tbm.noblesavage.facade.SearchResultDTO[]>'
      Started from 'java.util.Map<java.lang.Integer, nl.tudelft.tbm.noblesavage.facade.SearchResultDTO[]>'

nl.tudelft.tbm.noblesavage.facade.ArticleDTO
   Serialization status
      Instantiable
   Path
      Type 'nl.tudelft.tbm.noblesavage.facade.ArticleDTO' is reachable from array type 'nl.tudelft.tbm.noblesavage.facade.ArticleDTO[]'
      Started from 'nl.tudelft.tbm.noblesavage.facade.ArticleDTO[]'

nl.tudelft.tbm.noblesavage.facade.ArticleDTO[]
   Serialization status
      Instantiable
   Path
      Started from 'nl.tudelft.tbm.noblesavage.facade.ArticleDTO[]'

nl.tudelft.tbm.noblesavage.facade.CorpusDTO
   Serialization status
      Instantiable
   Path
      Started from 'nl.tudelft.tbm.noblesavage.facade.CorpusDTO'

nl.tudelft.tbm.noblesavage.facade.CorpusDTO[]
   Serialization status
      Instantiable
   Path
      Started from 'nl.tudelft.tbm.noblesavage.facade.CorpusDTO[]'

nl.tudelft.tbm.noblesavage.facade.ReaderParameterDTO
   Serialization status
      Instantiable
   Path
      Type 'nl.tudelft.tbm.noblesavage.facade.ReaderParameterDTO' is reachable from array type 'nl.tudelft.tbm.noblesavage.facade.ReaderParameterDTO[]'
      Started from 'nl.tudelft.tbm.noblesavage.facade.ReaderParameterDTO[]'

nl.tudelft.tbm.noblesavage.facade.ReaderParameterDTO[]
   Serialization status
      Instantiable
   Path
      Started from 'nl.tudelft.tbm.noblesavage.facade.ReaderParameterDTO[]'

nl.tudelft.tbm.noblesavage.facade.SearchResultDTO
   Serialization status
      Instantiable
   Path
      Type 'nl.tudelft.tbm.noblesavage.facade.SearchResultDTO' is reachable from array type 'nl.tudelft.tbm.noblesavage.facade.SearchResultDTO[]'
      'nl.tudelft.tbm.noblesavage.facade.SearchResultDTO[]' is reachable from type argument 1 of type 'java.util.LinkedHashMap<K, V>'
      'java.util.LinkedHashMap<java.lang.Integer, nl.tudelft.tbm.noblesavage.facade.SearchResultDTO[]>' is reachable as a subtype of type 'interface java.util.Map<java.lang.Integer, nl.tudelft.tbm.noblesavage.facade.SearchResultDTO[]>'
      Started from 'java.util.Map<java.lang.Integer, nl.tudelft.tbm.noblesavage.facade.SearchResultDTO[]>'

nl.tudelft.tbm.noblesavage.facade.SearchResultDTO[]
   Serialization status
      Instantiable
   Path
      'nl.tudelft.tbm.noblesavage.facade.SearchResultDTO[]' is reachable from type argument 1 of type 'java.util.LinkedHashMap<K, V>'
      'java.util.LinkedHashMap<java.lang.Integer, nl.tudelft.tbm.noblesavage.facade.SearchResultDTO[]>' is reachable as a subtype of type 'interface java.util.Map<java.lang.Integer, nl.tudelft.tbm.noblesavage.facade.SearchResultDTO[]>'
      Started from 'java.util.Map<java.lang.Integer, nl.tudelft.tbm.noblesavage.facade.SearchResultDTO[]>'

